<?xml version="1.0" encoding="UTF-8"?>
<!-- Generated by org.testng.reporters.JUnitReportReporter -->
<testsuite hostname="L-BLR-15005232" name="Selinum.beforeTestng" tests="3" failures="0" timestamp="13 Dec 2016 11:25:30 GMT" time="0.017" errors="0">
  <testcase name="test" time="0.009" classname="Selinum.beforeTestng"/>
  <testcase name="testMethodsOne" time="0.003" classname="Selinum.beforeTestng"/>
  <testcase name="testMethodsTwo" time="0.005" classname="Selinum.beforeTestng"/>
</testsuite> <!-- Selinum.beforeTestng -->
